The target system is: Generic - 2.4.0 - arm
The host system is: Linux - 5.4.0-56-generic - x86_64
Compiling the C compiler identification source file "CMakeCCompilerId.c" succeeded.
Compiler: /opt/gnuarmemb/bin/arm-none-eabi-gcc 
Build flags: 
Id flags: -c 

The output was:
0


Compilation of the C compiler identification source "CMakeCCompilerId.c" produced "CMakeCCompilerId.o"

The C compiler identification is GNU, found in "/home/alejandro/nrf/ncs/nrf/nmos_toggle/build_nrf9160dk_nrf9160ns/spm/CMakeFiles/3.16.3/CompilerIdC/CMakeCCompilerId.o"

Compiling the CXX compiler identification source file "CMakeCXXCompilerId.cpp" succeeded.
Compiler: /opt/gnuarmemb/bin/arm-none-eabi-g++ 
Build flags: 
Id flags: -c 

The output was:
0


Compilation of the CXX compiler identification source "CMakeCXXCompilerId.cpp" produced "CMakeCXXCompilerId.o"

The CXX compiler identification is GNU, found in "/home/alejandro/nrf/ncs/nrf/nmos_toggle/build_nrf9160dk_nrf9160ns/spm/CMakeFiles/3.16.3/CompilerIdCXX/CMakeCXXCompilerId.o"

Checking whether the ASM compiler is GNU using "--version" matched "(GNU assembler)|(GCC)|(Free Software Foundation)":
arm-none-eabi-gcc (GNU Tools for Arm Embedded Processors 8-2019-q3-update) 8.3.1 20190703 (release) [gcc-8-branch revision 273027]
Copyright (C) 2018 Free Software Foundation, Inc.
This is free software; see the source for copying conditions.  There is NO
warranty; not even for MERCHANTABILITY or FITNESS FOR A PARTICULAR PURPOSE.

Performing C SOURCE FILE Test check_C__nostartfiles__nostdlib__isystem___opt_gnuarmemb_bin____lib_gcc_arm_none_eabi_8_3_1_include___isystem___opt_gnuarmemb_bin____lib_gcc_arm_none_eabi_8_3_1_include_fixed___Wl___unresolved_symbols_ignore_in_object_files__Wl___entry_0__Wl___out_implib__home_alejandro_nrf_ncs_nrf_nmos_toggle_build_nrf9160dk_nrf9160ns_spm_libspmsecureentries_a succeeded with the following output:
Change Dir: /home/alejandro/nrf/ncs/nrf/nmos_toggle/build_nrf9160dk_nrf9160ns/spm/CMakeFiles/CMakeTmp

Run Build Command(s):/usr/bin/ninja cmTC_a1093 && [1/2] Building C object CMakeFiles/cmTC_a1093.dir/src.c.obj
[2/2] Linking C executable cmTC_a1093


Source file was:
int main(void) { return 0; }
